2013-09-02 16:13:58,351 - [INFO] - from play in main 
Listening for HTTP on /0:0:0:0:0:0:0:0:9000

2013-09-04 15:37:57,711 - [INFO] - from application in New I/O worker #1 
Scheduling job...

2013-09-04 15:37:58,109 - [INFO] - from play in New I/O worker #1 
Starting application default Akka system.

2013-09-04 15:37:58,193 - [INFO] - from play in New I/O worker #1 
Application started (Dev)

2013-09-04 15:37:58,514 - [INFO] - from application in application-akka.actor.default-dispatcher-2 
PickListActor.send for W456

2013-09-04 15:37:58,514 - [INFO] - from application in application-akka.actor.default-dispatcher-4 
PickListActor.send for W123

2013-09-04 15:38:14,464 - [INFO] - from application in ForkJoinPool-3-worker-1 



<!DOCTYPE html>
<html>

  <head>
    <title>Pick list</title>
    <link rel="stylesheet" type="text/css" media="screen" href='/assets/stylesheets/bootstrap.css'>
    <link rel="stylesheet" type="text/css" media="screen" href='/assets/stylesheets/main.css'>
  </head>

  <body>

    <div class="screenshot">
      <div class="navbar navbar-fixed-top">
        <div class="navbar-inner">
          <div class="container">
            <a class="brand" href="#">Warehouse W123 pick list for Wed Sep 04 15:38:14 GMT+04:00 2013</a>
          </div>
        </div>
      </div>

      <div class="container">
        

  <table>
    <tr>
      <th>Order #</th>
      <th>Product EAN</th>
      <th>Product description</th>
      <th>Quantity</th>
      <th>Location</th>
    </tr>
  
    <tr class=&#x27;odd&#x27;>
      <td>31</td>
      <td>5010255079763</td>
      <td>Large paper clips 1000 pack</td>
      <td>200</td>
      <td>Aisle 42 bin 7</td>
    </tr> 
    <tr>
      <td>65</td>
      <td>5010255079763</td>
      <td>Large paper clips 1000 pack</td>
      <td>500</td>
      <td>Aisle 42 bin 7</td>
    </tr> 
    <tr class=&#x27;odd&#x27;>
      <td>93</td>
      <td>5010255079763</td>
      <td>Large paper clips 1000 pack</td>
      <td>100</td>
      <td>Aisle 42 bin 7</td>
    </tr> 
  </table>

      </div>
    </div>

  </body>

</html>


2013-09-04 15:38:23,185 - [INFO] - from application in application-akka.actor.default-dispatcher-3 
PickListActor.send for W123

2013-09-04 15:38:23,185 - [INFO] - from application in application-akka.actor.default-dispatcher-5 
PickListActor.send for W456

2013-09-04 15:38:48,185 - [INFO] - from application in application-akka.actor.default-dispatcher-3 
PickListActor.send for W456

2013-09-04 15:38:48,185 - [INFO] - from application in application-akka.actor.default-dispatcher-6 
PickListActor.send for W123

2013-09-04 15:39:13,185 - [INFO] - from application in application-akka.actor.default-dispatcher-3 
PickListActor.send for W123

2013-09-04 15:39:13,185 - [INFO] - from application in application-akka.actor.default-dispatcher-7 
PickListActor.send for W456

2013-09-04 15:39:38,186 - [INFO] - from application in application-akka.actor.default-dispatcher-3 
PickListActor.send for W123

2013-09-04 15:39:38,186 - [INFO] - from application in application-akka.actor.default-dispatcher-8 
PickListActor.send for W456

2013-09-04 15:40:03,186 - [INFO] - from application in application-akka.actor.default-dispatcher-3 
PickListActor.send for W456

2013-09-04 15:40:03,186 - [INFO] - from application in application-akka.actor.default-dispatcher-9 
PickListActor.send for W123

2013-09-04 15:40:28,186 - [INFO] - from application in application-akka.actor.default-dispatcher-3 
PickListActor.send for W123

2013-09-04 15:40:28,186 - [INFO] - from application in application-akka.actor.default-dispatcher-10 
PickListActor.send for W456

2013-09-04 15:40:53,186 - [INFO] - from application in application-akka.actor.default-dispatcher-3 
PickListActor.send for W456

2013-09-04 15:40:53,186 - [INFO] - from application in application-akka.actor.default-dispatcher-11 
PickListActor.send for W123

2013-09-04 15:41:18,187 - [INFO] - from application in application-akka.actor.default-dispatcher-3 
PickListActor.send for W123

2013-09-04 15:41:18,189 - [INFO] - from application in application-akka.actor.default-dispatcher-12 
PickListActor.send for W456

2013-09-04 15:41:43,187 - [INFO] - from application in application-akka.actor.default-dispatcher-3 
PickListActor.send for W456

2013-09-04 15:41:43,187 - [INFO] - from application in application-akka.actor.default-dispatcher-13 
PickListActor.send for W123

2013-09-04 15:42:08,187 - [INFO] - from application in application-akka.actor.default-dispatcher-3 
PickListActor.send for W123

2013-09-04 15:42:08,187 - [INFO] - from application in application-akka.actor.default-dispatcher-14 
PickListActor.send for W456

2013-09-04 15:42:33,188 - [INFO] - from application in application-akka.actor.default-dispatcher-3 
PickListActor.send for W456

2013-09-04 15:42:33,188 - [INFO] - from application in application-akka.actor.default-dispatcher-15 
PickListActor.send for W123

2013-09-04 15:42:58,188 - [INFO] - from application in application-akka.actor.default-dispatcher-3 
PickListActor.send for W456

2013-09-04 15:42:58,188 - [INFO] - from application in application-akka.actor.default-dispatcher-16 
PickListActor.send for W123

2013-09-04 15:43:23,188 - [INFO] - from application in application-akka.actor.default-dispatcher-3 
PickListActor.send for W456

2013-09-04 15:43:23,188 - [INFO] - from application in application-akka.actor.default-dispatcher-17 
PickListActor.send for W123

2013-09-04 15:43:48,188 - [INFO] - from application in application-akka.actor.default-dispatcher-3 
PickListActor.send for W123

2013-09-04 15:43:48,188 - [INFO] - from application in application-akka.actor.default-dispatcher-18 
PickListActor.send for W456

2013-09-04 15:44:13,189 - [INFO] - from application in application-akka.actor.default-dispatcher-3 
PickListActor.send for W123

2013-09-04 15:44:13,189 - [INFO] - from application in application-akka.actor.default-dispatcher-19 
PickListActor.send for W456

2013-09-04 15:44:38,189 - [INFO] - from application in application-akka.actor.default-dispatcher-3 
PickListActor.send for W123

2013-09-04 15:44:38,189 - [INFO] - from application in application-akka.actor.default-dispatcher-20 
PickListActor.send for W456

2013-09-04 15:45:03,189 - [INFO] - from application in application-akka.actor.default-dispatcher-3 
PickListActor.send for W456

2013-09-04 15:45:03,189 - [INFO] - from application in application-akka.actor.default-dispatcher-21 
PickListActor.send for W123

2013-09-04 15:45:28,189 - [INFO] - from application in application-akka.actor.default-dispatcher-3 
PickListActor.send for W123

2013-09-04 15:45:28,189 - [INFO] - from application in application-akka.actor.default-dispatcher-22 
PickListActor.send for W456

2013-09-04 15:45:53,189 - [INFO] - from application in application-akka.actor.default-dispatcher-3 
PickListActor.send for W123

2013-09-04 15:45:53,189 - [INFO] - from application in application-akka.actor.default-dispatcher-23 
PickListActor.send for W456

2013-09-04 15:46:18,190 - [INFO] - from application in application-akka.actor.default-dispatcher-3 
PickListActor.send for W123

2013-09-04 15:46:18,190 - [INFO] - from application in application-akka.actor.default-dispatcher-24 
PickListActor.send for W456

2013-09-04 15:46:43,190 - [INFO] - from application in application-akka.actor.default-dispatcher-3 
PickListActor.send for W123

2013-09-04 15:46:43,190 - [INFO] - from application in application-akka.actor.default-dispatcher-25 
PickListActor.send for W456

2013-09-04 15:47:08,191 - [INFO] - from application in application-akka.actor.default-dispatcher-3 
PickListActor.send for W456

2013-09-04 15:47:08,191 - [INFO] - from application in application-akka.actor.default-dispatcher-26 
PickListActor.send for W123

2013-09-04 15:47:33,191 - [INFO] - from application in application-akka.actor.default-dispatcher-3 
PickListActor.send for W123

2013-09-04 15:47:33,191 - [INFO] - from application in application-akka.actor.default-dispatcher-27 
PickListActor.send for W456

2013-09-04 15:47:58,192 - [INFO] - from application in application-akka.actor.default-dispatcher-3 
PickListActor.send for W456

2013-09-04 15:47:58,192 - [INFO] - from application in application-akka.actor.default-dispatcher-28 
PickListActor.send for W123

2013-09-04 15:48:23,191 - [INFO] - from application in application-akka.actor.default-dispatcher-3 
PickListActor.send for W456

2013-09-04 15:48:23,191 - [INFO] - from application in application-akka.actor.default-dispatcher-29 
PickListActor.send for W123

2013-09-04 15:48:48,191 - [INFO] - from application in application-akka.actor.default-dispatcher-3 
PickListActor.send for W456

2013-09-04 15:48:48,191 - [INFO] - from application in application-akka.actor.default-dispatcher-30 
PickListActor.send for W123

2013-09-04 15:49:13,192 - [INFO] - from application in application-akka.actor.default-dispatcher-3 
PickListActor.send for W456

2013-09-04 15:49:13,192 - [INFO] - from application in application-akka.actor.default-dispatcher-31 
PickListActor.send for W123

2013-09-04 15:49:38,192 - [INFO] - from application in application-akka.actor.default-dispatcher-3 
PickListActor.send for W123

2013-09-04 15:49:38,192 - [INFO] - from application in application-akka.actor.default-dispatcher-32 
PickListActor.send for W456

2013-09-04 15:50:03,193 - [INFO] - from application in application-akka.actor.default-dispatcher-3 
PickListActor.send for W123

2013-09-04 15:50:03,193 - [INFO] - from application in application-akka.actor.default-dispatcher-33 
PickListActor.send for W456

2013-09-04 15:50:28,193 - [INFO] - from application in application-akka.actor.default-dispatcher-3 
PickListActor.send for W123

2013-09-04 15:50:28,193 - [INFO] - from application in application-akka.actor.default-dispatcher-34 
PickListActor.send for W456

2013-09-04 15:50:53,193 - [INFO] - from application in application-akka.actor.default-dispatcher-3 
PickListActor.send for W456

2013-09-04 15:50:53,193 - [INFO] - from application in application-akka.actor.default-dispatcher-35 
PickListActor.send for W123

2013-09-04 15:51:18,193 - [INFO] - from application in application-akka.actor.default-dispatcher-3 
PickListActor.send for W456

2013-09-04 15:51:18,193 - [INFO] - from application in application-akka.actor.default-dispatcher-36 
PickListActor.send for W123

2013-09-04 15:51:43,193 - [INFO] - from application in application-akka.actor.default-dispatcher-3 
PickListActor.send for W456

2013-09-04 15:51:43,193 - [INFO] - from application in application-akka.actor.default-dispatcher-37 
PickListActor.send for W123

2013-09-04 15:52:08,194 - [INFO] - from application in application-akka.actor.default-dispatcher-3 
PickListActor.send for W123

2013-09-04 15:52:08,194 - [INFO] - from application in application-akka.actor.default-dispatcher-38 
PickListActor.send for W456

2013-09-04 15:52:33,194 - [INFO] - from application in application-akka.actor.default-dispatcher-3 
PickListActor.send for W456

2013-09-04 15:52:33,194 - [INFO] - from application in application-akka.actor.default-dispatcher-39 
PickListActor.send for W123

2013-09-04 15:52:58,195 - [INFO] - from application in application-akka.actor.default-dispatcher-3 
PickListActor.send for W456

2013-09-04 15:52:58,195 - [INFO] - from application in application-akka.actor.default-dispatcher-40 
PickListActor.send for W123

2013-09-04 15:53:23,194 - [INFO] - from application in application-akka.actor.default-dispatcher-3 
PickListActor.send for W456

2013-09-04 15:53:23,194 - [INFO] - from application in application-akka.actor.default-dispatcher-41 
PickListActor.send for W123

2013-09-04 15:53:48,195 - [INFO] - from application in application-akka.actor.default-dispatcher-3 
PickListActor.send for W456

2013-09-04 15:53:48,195 - [INFO] - from application in application-akka.actor.default-dispatcher-42 
PickListActor.send for W123

2013-09-04 15:54:13,194 - [INFO] - from application in application-akka.actor.default-dispatcher-3 
PickListActor.send for W123

2013-09-04 15:54:13,195 - [INFO] - from application in application-akka.actor.default-dispatcher-43 
PickListActor.send for W456

2013-09-04 15:54:38,195 - [INFO] - from application in application-akka.actor.default-dispatcher-3 
PickListActor.send for W456

2013-09-04 15:54:38,195 - [INFO] - from application in application-akka.actor.default-dispatcher-44 
PickListActor.send for W123

2013-09-04 15:55:03,196 - [INFO] - from application in application-akka.actor.default-dispatcher-3 
PickListActor.send for W123

2013-09-04 15:55:03,196 - [INFO] - from application in application-akka.actor.default-dispatcher-45 
PickListActor.send for W456

2013-09-04 15:55:28,196 - [INFO] - from application in application-akka.actor.default-dispatcher-3 
PickListActor.send for W456

2013-09-04 15:55:28,196 - [INFO] - from application in application-akka.actor.default-dispatcher-46 
PickListActor.send for W123

2013-09-04 15:55:53,196 - [INFO] - from application in application-akka.actor.default-dispatcher-3 
PickListActor.send for W123

2013-09-04 15:55:53,196 - [INFO] - from application in application-akka.actor.default-dispatcher-47 
PickListActor.send for W456

2013-09-04 15:56:18,196 - [INFO] - from application in application-akka.actor.default-dispatcher-3 
PickListActor.send for W456

2013-09-04 15:56:18,196 - [INFO] - from application in application-akka.actor.default-dispatcher-48 
PickListActor.send for W123

2013-09-04 15:56:43,197 - [INFO] - from application in application-akka.actor.default-dispatcher-3 
PickListActor.send for W456

2013-09-04 15:56:43,197 - [INFO] - from application in application-akka.actor.default-dispatcher-49 
PickListActor.send for W123

2013-09-04 15:57:08,197 - [INFO] - from application in application-akka.actor.default-dispatcher-3 
PickListActor.send for W456

2013-09-04 15:57:08,197 - [INFO] - from application in application-akka.actor.default-dispatcher-50 
PickListActor.send for W123

2013-09-04 15:57:33,196 - [INFO] - from application in application-akka.actor.default-dispatcher-3 
PickListActor.send for W456

2013-09-04 15:57:33,197 - [INFO] - from application in application-akka.actor.default-dispatcher-51 
PickListActor.send for W123

2013-09-04 15:57:58,197 - [INFO] - from application in application-akka.actor.default-dispatcher-3 
PickListActor.send for W456

2013-09-04 15:57:58,198 - [INFO] - from application in application-akka.actor.default-dispatcher-52 
PickListActor.send for W123

2013-09-04 15:58:23,197 - [INFO] - from application in application-akka.actor.default-dispatcher-3 
PickListActor.send for W456

2013-09-04 15:58:23,197 - [INFO] - from application in application-akka.actor.default-dispatcher-53 
PickListActor.send for W123

2013-09-04 15:58:48,198 - [INFO] - from application in application-akka.actor.default-dispatcher-3 
PickListActor.send for W123

2013-09-04 15:58:48,198 - [INFO] - from application in application-akka.actor.default-dispatcher-54 
PickListActor.send for W456

2013-09-04 15:59:13,198 - [INFO] - from application in application-akka.actor.default-dispatcher-3 
PickListActor.send for W123

2013-09-04 15:59:13,198 - [INFO] - from application in application-akka.actor.default-dispatcher-55 
PickListActor.send for W456

2013-09-04 15:59:38,199 - [INFO] - from application in application-akka.actor.default-dispatcher-3 
PickListActor.send for W123

2013-09-04 15:59:38,199 - [INFO] - from application in application-akka.actor.default-dispatcher-56 
PickListActor.send for W456

2013-09-04 16:00:03,198 - [INFO] - from application in application-akka.actor.default-dispatcher-3 
PickListActor.send for W456

2013-09-04 16:00:03,199 - [INFO] - from application in application-akka.actor.default-dispatcher-57 
PickListActor.send for W123

2013-09-04 16:00:28,199 - [INFO] - from application in application-akka.actor.default-dispatcher-3 
PickListActor.send for W456

2013-09-04 16:00:28,199 - [INFO] - from application in application-akka.actor.default-dispatcher-58 
PickListActor.send for W123

2013-09-04 16:00:53,199 - [INFO] - from application in application-akka.actor.default-dispatcher-3 
PickListActor.send for W456

2013-09-04 16:00:53,199 - [INFO] - from application in application-akka.actor.default-dispatcher-59 
PickListActor.send for W123

2013-09-04 16:01:18,199 - [INFO] - from application in application-akka.actor.default-dispatcher-3 
PickListActor.send for W123

2013-09-04 16:01:18,199 - [INFO] - from application in application-akka.actor.default-dispatcher-60 
PickListActor.send for W456

2013-09-04 16:01:43,199 - [INFO] - from application in application-akka.actor.default-dispatcher-3 
PickListActor.send for W456

2013-09-04 16:01:43,200 - [INFO] - from application in application-akka.actor.default-dispatcher-61 
PickListActor.send for W123

2013-09-04 16:02:08,199 - [INFO] - from application in application-akka.actor.default-dispatcher-3 
PickListActor.send for W456

2013-09-04 16:02:08,200 - [INFO] - from application in application-akka.actor.default-dispatcher-62 
PickListActor.send for W123

2013-09-04 16:02:33,200 - [INFO] - from application in application-akka.actor.default-dispatcher-3 
PickListActor.send for W123

2013-09-04 16:02:33,201 - [INFO] - from application in application-akka.actor.default-dispatcher-63 
PickListActor.send for W456

2013-09-04 16:02:58,200 - [INFO] - from application in application-akka.actor.default-dispatcher-3 
PickListActor.send for W123

2013-09-04 16:02:58,201 - [INFO] - from application in application-akka.actor.default-dispatcher-64 
PickListActor.send for W456

2013-09-04 16:03:23,199 - [INFO] - from application in application-akka.actor.default-dispatcher-3 
PickListActor.send for W456

2013-09-04 16:03:23,200 - [INFO] - from application in application-akka.actor.default-dispatcher-65 
PickListActor.send for W123

2013-09-04 16:03:48,200 - [INFO] - from application in application-akka.actor.default-dispatcher-3 
PickListActor.send for W456

2013-09-04 16:03:48,201 - [INFO] - from application in application-akka.actor.default-dispatcher-66 
PickListActor.send for W123

2013-09-04 16:04:13,200 - [INFO] - from application in application-akka.actor.default-dispatcher-3 
PickListActor.send for W123

2013-09-04 16:04:13,201 - [INFO] - from application in application-akka.actor.default-dispatcher-67 
PickListActor.send for W456

2013-09-04 16:04:38,201 - [INFO] - from application in application-akka.actor.default-dispatcher-3 
PickListActor.send for W123

2013-09-04 16:04:38,202 - [INFO] - from application in application-akka.actor.default-dispatcher-68 
PickListActor.send for W456

2013-09-04 16:05:03,201 - [INFO] - from application in application-akka.actor.default-dispatcher-3 
PickListActor.send for W123

2013-09-04 16:05:03,202 - [INFO] - from application in application-akka.actor.default-dispatcher-69 
PickListActor.send for W456

2013-09-04 16:05:28,202 - [INFO] - from application in application-akka.actor.default-dispatcher-3 
PickListActor.send for W123

2013-09-04 16:05:28,203 - [INFO] - from application in application-akka.actor.default-dispatcher-70 
PickListActor.send for W456

2013-09-04 16:05:53,201 - [INFO] - from application in application-akka.actor.default-dispatcher-3 
PickListActor.send for W456

2013-09-04 16:05:53,202 - [INFO] - from application in application-akka.actor.default-dispatcher-71 
PickListActor.send for W123

2013-09-04 16:06:18,201 - [INFO] - from application in application-akka.actor.default-dispatcher-3 
PickListActor.send for W456

2013-09-04 16:06:18,202 - [INFO] - from application in application-akka.actor.default-dispatcher-72 
PickListActor.send for W123

2013-09-04 16:06:43,202 - [INFO] - from application in application-akka.actor.default-dispatcher-3 
PickListActor.send for W456

2013-09-04 16:06:43,203 - [INFO] - from application in application-akka.actor.default-dispatcher-73 
PickListActor.send for W123

2013-09-04 16:07:08,202 - [INFO] - from application in application-akka.actor.default-dispatcher-3 
PickListActor.send for W123

2013-09-04 16:07:08,203 - [INFO] - from application in application-akka.actor.default-dispatcher-74 
PickListActor.send for W456

2013-09-04 16:07:33,203 - [INFO] - from application in application-akka.actor.default-dispatcher-3 
PickListActor.send for W456

2013-09-04 16:07:33,204 - [INFO] - from application in application-akka.actor.default-dispatcher-75 
PickListActor.send for W123

2013-09-04 16:07:58,203 - [INFO] - from application in application-akka.actor.default-dispatcher-3 
PickListActor.send for W456

2013-09-04 16:07:58,204 - [INFO] - from application in application-akka.actor.default-dispatcher-76 
PickListActor.send for W123

2013-09-04 16:08:23,203 - [INFO] - from application in application-akka.actor.default-dispatcher-3 
PickListActor.send for W456

2013-09-04 16:08:23,203 - [INFO] - from application in application-akka.actor.default-dispatcher-77 
PickListActor.send for W123

2013-09-04 16:08:48,203 - [INFO] - from application in application-akka.actor.default-dispatcher-3 
PickListActor.send for W123

2013-09-04 16:08:48,204 - [INFO] - from application in application-akka.actor.default-dispatcher-78 
PickListActor.send for W456

2013-09-04 16:09:13,203 - [INFO] - from application in application-akka.actor.default-dispatcher-3 
PickListActor.send for W456

2013-09-04 16:09:13,203 - [INFO] - from application in application-akka.actor.default-dispatcher-79 
PickListActor.send for W123

2013-09-04 16:09:38,204 - [INFO] - from application in application-akka.actor.default-dispatcher-3 
PickListActor.send for W456

2013-09-04 16:09:38,205 - [INFO] - from application in application-akka.actor.default-dispatcher-80 
PickListActor.send for W123

2013-09-04 16:10:03,204 - [INFO] - from application in application-akka.actor.default-dispatcher-3 
PickListActor.send for W123

2013-09-04 16:10:03,205 - [INFO] - from application in application-akka.actor.default-dispatcher-81 
PickListActor.send for W456

2013-09-04 16:10:28,205 - [INFO] - from application in application-akka.actor.default-dispatcher-3 
PickListActor.send for W123

2013-09-04 16:10:28,206 - [INFO] - from application in application-akka.actor.default-dispatcher-82 
PickListActor.send for W456

2013-09-04 16:10:53,204 - [INFO] - from application in application-akka.actor.default-dispatcher-3 
PickListActor.send for W456

2013-09-04 16:10:53,205 - [INFO] - from application in application-akka.actor.default-dispatcher-83 
PickListActor.send for W123

2013-09-04 16:11:18,205 - [INFO] - from application in application-akka.actor.default-dispatcher-3 
PickListActor.send for W456

2013-09-04 16:11:18,206 - [INFO] - from application in application-akka.actor.default-dispatcher-84 
PickListActor.send for W123

2013-09-04 16:11:43,205 - [INFO] - from application in application-akka.actor.default-dispatcher-3 
PickListActor.send for W456

2013-09-04 16:11:43,206 - [INFO] - from application in application-akka.actor.default-dispatcher-85 
PickListActor.send for W123

2013-09-04 16:12:08,205 - [INFO] - from application in application-akka.actor.default-dispatcher-3 
PickListActor.send for W123

2013-09-04 16:12:08,206 - [INFO] - from application in application-akka.actor.default-dispatcher-86 
PickListActor.send for W456

2013-09-04 16:12:33,206 - [INFO] - from application in application-akka.actor.default-dispatcher-3 
PickListActor.send for W456

2013-09-04 16:12:33,206 - [INFO] - from application in application-akka.actor.default-dispatcher-87 
PickListActor.send for W123

2013-09-04 16:12:58,206 - [INFO] - from application in application-akka.actor.default-dispatcher-3 
PickListActor.send for W123

2013-09-04 16:12:58,207 - [INFO] - from application in application-akka.actor.default-dispatcher-88 
PickListActor.send for W456

2013-09-04 16:13:23,206 - [INFO] - from application in application-akka.actor.default-dispatcher-3 
PickListActor.send for W456

2013-09-04 16:13:23,206 - [INFO] - from application in application-akka.actor.default-dispatcher-89 
PickListActor.send for W123

2013-09-04 16:13:48,206 - [INFO] - from application in application-akka.actor.default-dispatcher-3 
PickListActor.send for W123

2013-09-04 16:13:48,206 - [INFO] - from application in application-akka.actor.default-dispatcher-90 
PickListActor.send for W456

2013-09-04 16:14:01,420 - [INFO] - from play in main 
Shutdown application default Akka system.

